2015-08-03 12:38:38,355 [Worker-9] INFO  o.e.m.c.i.p.r.ProjectRegistryRefreshJob - org.eclipse.m2e.core.internal.project.registry.ProjectRegistryRefreshJob was canceled
2015-08-03 12:38:38,385 [Worker-7] WARN  Sisu - Error injecting: org.apache.maven.index.DefaultNexusIndexer
com.google.inject.ProvisionException: Guice provision errors:

1) No implementation for org.apache.maven.index.IndexerEngine was bound.
  while locating org.apache.maven.index.DefaultNexusIndexer

1 error
	at com.google.inject.internal.InjectorImpl$3.get(InjectorImpl.java:974) [sisu-guice-3.1.0-no_aop.jar:na]
	at com.google.inject.internal.InjectorImpl.getInstance(InjectorImpl.java:1000) [sisu-guice-3.1.0-no_aop.jar:na]
	at org.sonatype.guice.bean.reflect.AbstractDeferredClass.get(AbstractDeferredClass.java:45) ~[guice-bean-reflect-2.3.0.jar:na]
	at com.google.inject.internal.ProviderInternalFactory.provision(ProviderInternalFactory.java:84) [sisu-guice-3.1.0-no_aop.jar:na]
	at com.google.inject.internal.InternalFactoryToInitializableAdapter.provision(InternalFactoryToInitializableAdapter.java:52) [sisu-guice-3.1.0-no_aop.jar:na]
	at com.google.inject.internal.ProviderInternalFactory$1.call(ProviderInternalFactory.java:70) [sisu-guice-3.1.0-no_aop.jar:na]
	at com.google.inject.internal.ProvisionListenerStackCallback$Provision.provision(ProvisionListenerStackCallback.java:100) [sisu-guice-3.1.0-no_aop.jar:na]
	at org.sonatype.guice.plexus.lifecycles.PlexusLifecycleManager.onProvision(PlexusLifecycleManager.java:138) [guice-plexus-lifecycles-2.3.0.jar:na]
	at com.google.inject.internal.ProvisionListenerStackCallback$Provision.provision(ProvisionListenerStackCallback.java:108) [sisu-guice-3.1.0-no_aop.jar:na]
	at com.google.inject.internal.ProvisionListenerStackCallback.provision(ProvisionListenerStackCallback.java:55) [sisu-guice-3.1.0-no_aop.jar:na]
	at com.google.inject.internal.ProviderInternalFactory.circularGet(ProviderInternalFactory.java:68) [sisu-guice-3.1.0-no_aop.jar:na]
	at com.google.inject.internal.InternalFactoryToInitializableAdapter.get(InternalFactoryToInitializableAdapter.java:45) [sisu-guice-3.1.0-no_aop.jar:na]
	at com.google.inject.internal.ProviderToInternalFactoryAdapter$1.call(ProviderToInternalFactoryAdapter.java:46) [sisu-guice-3.1.0-no_aop.jar:na]
	at com.google.inject.internal.InjectorImpl.callInContext(InjectorImpl.java:1018) [sisu-guice-3.1.0-no_aop.jar:na]
	at com.google.inject.internal.ProviderToInternalFactoryAdapter.get(ProviderToInternalFactoryAdapter.java:40) [sisu-guice-3.1.0-no_aop.jar:na]
	at com.google.inject.Scopes$1$1.get(Scopes.java:59) [sisu-guice-3.1.0-no_aop.jar:na]
	at com.google.inject.internal.InternalFactoryToProviderAdapter.get(InternalFactoryToProviderAdapter.java:41) [sisu-guice-3.1.0-no_aop.jar:na]
	at com.google.inject.internal.InjectorImpl$3$1.call(InjectorImpl.java:965) [sisu-guice-3.1.0-no_aop.jar:na]
	at com.google.inject.internal.InjectorImpl.callInContext(InjectorImpl.java:1011) [sisu-guice-3.1.0-no_aop.jar:na]
	at com.google.inject.internal.InjectorImpl$3.get(InjectorImpl.java:961) [sisu-guice-3.1.0-no_aop.jar:na]
	at org.sonatype.guice.bean.locators.LazyBeanEntry.getValue(LazyBeanEntry.java:83) [guice-bean-locators-2.3.0.jar:na]
	at org.sonatype.guice.plexus.locators.LazyPlexusBean.getValue(LazyPlexusBean.java:49) [guice-plexus-locators-2.3.0.jar:na]
	at org.codehaus.plexus.DefaultPlexusContainer.lookup(DefaultPlexusContainer.java:253) [guice-plexus-shim-2.3.0.jar:na]
	at org.codehaus.plexus.DefaultPlexusContainer.lookup(DefaultPlexusContainer.java:245) [guice-plexus-shim-2.3.0.jar:na]
	at org.codehaus.plexus.DefaultPlexusContainer.lookup(DefaultPlexusContainer.java:239) [guice-plexus-shim-2.3.0.jar:na]
	at org.eclipse.m2e.core.internal.MavenPluginActivator.lookup(MavenPluginActivator.java:358) [org.eclipse.m2e.core_1.4.1.20140328-1905.jar:na]
	at org.eclipse.m2e.core.internal.MavenPluginActivator.getNexusIndexer(MavenPluginActivator.java:414) [org.eclipse.m2e.core_1.4.1.20140328-1905.jar:na]
	at org.eclipse.m2e.core.internal.index.nexus.NexusIndexManager.getIndexer(NexusIndexManager.java:698) [org.eclipse.m2e.core_1.4.1.20140328-1905.jar:na]
	at org.eclipse.m2e.core.internal.index.nexus.NexusIndexManager.getIndexingContext(NexusIndexManager.java:692) [org.eclipse.m2e.core_1.4.1.20140328-1905.jar:na]
	at org.eclipse.m2e.core.internal.index.nexus.NexusIndexManager.setIndexDetails(NexusIndexManager.java:915) [org.eclipse.m2e.core_1.4.1.20140328-1905.jar:na]
	at org.eclipse.m2e.core.internal.index.nexus.NexusIndexManager.repositoryAdded(NexusIndexManager.java:874) [org.eclipse.m2e.core_1.4.1.20140328-1905.jar:na]
	at org.eclipse.m2e.core.internal.repository.RepositoryRegistry.addRepository(RepositoryRegistry.java:163) [org.eclipse.m2e.core_1.4.1.20140328-1905.jar:na]
	at org.eclipse.m2e.core.internal.repository.RepositoryRegistry.updateRegistry(RepositoryRegistry.java:236) [org.eclipse.m2e.core_1.4.1.20140328-1905.jar:na]
	at org.eclipse.m2e.core.internal.repository.RepositoryRegistryUpdateJob.run(RepositoryRegistryUpdateJob.java:47) [org.eclipse.m2e.core_1.4.1.20140328-1905.jar:na]
	at org.eclipse.core.internal.jobs.Worker.run(Worker.java:54) [org.eclipse.core.jobs_3.5.200.v20120521-2346.jar:na]
