2015-08-03 12:38:38,355 [Worker-9] INFO  o.e.m.c.i.p.r.ProjectRegistryRefreshJob - org.eclipse.m2e.core.internal.project.registry.ProjectRegistryRefreshJob was canceled
2015-08-03 12:38:38,385 [Worker-7] WARN  Sisu - Error injecting: org.apache.maven.index.DefaultNexusIndexer
com.google.inject.ProvisionException: Guice provision errors:

1) No implementation for org.apache.maven.index.IndexerEngine was bound.
  while locating org.apache.maven.index.DefaultNexusIndexer

1 error
	at com.google.inject.internal.InjectorImpl$3.get(InjectorImpl.java:974) [sisu-guice-3.1.0-no_aop.jar:na]
	at com.google.inject.internal.InjectorImpl.getInstance(InjectorImpl.java:1000) [sisu-guice-3.1.0-no_aop.jar:na]
	at org.sonatype.guice.bean.reflect.AbstractDeferredClass.get(AbstractDeferredClass.java:45) ~[guice-bean-reflect-2.3.0.jar:na]
	at com.google.inject.internal.ProviderInternalFactory.provision(ProviderInternalFactory.java:84) [sisu-guice-3.1.0-no_aop.jar:na]
	at com.google.inject.internal.InternalFactoryToInitializableAdapter.provision(InternalFactoryToInitializableAdapter.java:52) [sisu-guice-3.1.0-no_aop.jar:na]
	at com.google.inject.internal.ProviderInternalFactory$1.call(ProviderInternalFactory.java:70) [sisu-guice-3.1.0-no_aop.jar:na]
	at com.google.inject.internal.ProvisionListenerStackCallback$Provision.provision(ProvisionListenerStackCallback.java:100) [sisu-guice-3.1.0-no_aop.jar:na]
	at org.sonatype.guice.plexus.lifecycles.PlexusLifecycleManager.onProvision(PlexusLifecycleManager.java:138) [guice-plexus-lifecycles-2.3.0.jar:na]
	at com.google.inject.internal.ProvisionListenerStackCallback$Provision.provision(ProvisionListenerStackCallback.java:108) [sisu-guice-3.1.0-no_aop.jar:na]
	at com.google.inject.internal.ProvisionListenerStackCallback.provision(ProvisionListenerStackCallback.java:55) [sisu-guice-3.1.0-no_aop.jar:na]
	at com.google.inject.internal.ProviderInternalFactory.circularGet(ProviderInternalFactory.java:68) [sisu-guice-3.1.0-no_aop.jar:na]
	at com.google.inject.internal.InternalFactoryToInitializableAdapter.get(InternalFactoryToInitializableAdapter.java:45) [sisu-guice-3.1.0-no_aop.jar:na]
	at com.google.inject.internal.ProviderToInternalFactoryAdapter$1.call(ProviderToInternalFactoryAdapter.java:46) [sisu-guice-3.1.0-no_aop.jar:na]
	at com.google.inject.internal.InjectorImpl.callInContext(InjectorImpl.java:1018) [sisu-guice-3.1.0-no_aop.jar:na]
	at com.google.inject.internal.ProviderToInternalFactoryAdapter.get(ProviderToInternalFactoryAdapter.java:40) [sisu-guice-3.1.0-no_aop.jar:na]
	at com.google.inject.Scopes$1$1.get(Scopes.java:59) [sisu-guice-3.1.0-no_aop.jar:na]
	at com.google.inject.internal.InternalFactoryToProviderAdapter.get(InternalFactoryToProviderAdapter.java:41) [sisu-guice-3.1.0-no_aop.jar:na]
	at com.google.inject.internal.InjectorImpl$3$1.call(InjectorImpl.java:965) [sisu-guice-3.1.0-no_aop.jar:na]
	at com.google.inject.internal.InjectorImpl.callInContext(InjectorImpl.java:1011) [sisu-guice-3.1.0-no_aop.jar:na]
	at com.google.inject.internal.InjectorImpl$3.get(InjectorImpl.java:961) [sisu-guice-3.1.0-no_aop.jar:na]
	at org.sonatype.guice.bean.locators.LazyBeanEntry.getValue(LazyBeanEntry.java:83) [guice-bean-locators-2.3.0.jar:na]
	at org.sonatype.guice.plexus.locators.LazyPlexusBean.getValue(LazyPlexusBean.java:49) [guice-plexus-locators-2.3.0.jar:na]
	at org.codehaus.plexus.DefaultPlexusContainer.lookup(DefaultPlexusContainer.java:253) [guice-plexus-shim-2.3.0.jar:na]
	at org.codehaus.plexus.DefaultPlexusContainer.lookup(DefaultPlexusContainer.java:245) [guice-plexus-shim-2.3.0.jar:na]
	at org.codehaus.plexus.DefaultPlexusContainer.lookup(DefaultPlexusContainer.java:239) [guice-plexus-shim-2.3.0.jar:na]
	at org.eclipse.m2e.core.internal.MavenPluginActivator.lookup(MavenPluginActivator.java:358) [org.eclipse.m2e.core_1.4.1.20140328-1905.jar:na]
	at org.eclipse.m2e.core.internal.MavenPluginActivator.getNexusIndexer(MavenPluginActivator.java:414) [org.eclipse.m2e.core_1.4.1.20140328-1905.jar:na]
	at org.eclipse.m2e.core.internal.index.nexus.NexusIndexManager.getIndexer(NexusIndexManager.java:698) [org.eclipse.m2e.core_1.4.1.20140328-1905.jar:na]
	at org.eclipse.m2e.core.internal.index.nexus.NexusIndexManager.getIndexingContext(NexusIndexManager.java:692) [org.eclipse.m2e.core_1.4.1.20140328-1905.jar:na]
	at org.eclipse.m2e.core.internal.index.nexus.NexusIndexManager.setIndexDetails(NexusIndexManager.java:915) [org.eclipse.m2e.core_1.4.1.20140328-1905.jar:na]
	at org.eclipse.m2e.core.internal.index.nexus.NexusIndexManager.repositoryAdded(NexusIndexManager.java:874) [org.eclipse.m2e.core_1.4.1.20140328-1905.jar:na]
	at org.eclipse.m2e.core.internal.repository.RepositoryRegistry.addRepository(RepositoryRegistry.java:163) [org.eclipse.m2e.core_1.4.1.20140328-1905.jar:na]
	at org.eclipse.m2e.core.internal.repository.RepositoryRegistry.updateRegistry(RepositoryRegistry.java:236) [org.eclipse.m2e.core_1.4.1.20140328-1905.jar:na]
	at org.eclipse.m2e.core.internal.repository.RepositoryRegistryUpdateJob.run(RepositoryRegistryUpdateJob.java:47) [org.eclipse.m2e.core_1.4.1.20140328-1905.jar:na]
	at org.eclipse.core.internal.jobs.Worker.run(Worker.java:54) [org.eclipse.core.jobs_3.5.200.v20120521-2346.jar:na]
2015-08-19 21:16:47,928 [ModalContext] WARN  o.e.m.i.discovery.MavenDiscovery - CatalogItem org.eclipse.m2e.discovery.lifecyclemapping.m2e-egit does not contain lifecycle mapping metadata
2015-08-19 21:16:47,939 [ModalContext] WARN  o.e.m.i.discovery.MavenDiscovery - CatalogItem org.eclipse.m2e.discovery.lifecyclemapping.m2e-subversive does not contain lifecycle mapping metadata
2015-08-19 21:16:47,941 [ModalContext] WARN  o.e.m.i.discovery.MavenDiscovery - CatalogItem org.eclipse.m2e.discovery.lifecyclemapping.m2e-subclipse does not contain lifecycle mapping metadata
2015-08-19 21:16:52,857 [Worker-9] INFO  o.e.m.c.i.l.LifecycleMappingFactory - Using org.maven.ide.eclipse.wtp.WarLifecycleMapping lifecycle mapping for MavenProject: springtest:spring_test_002:0.0.1-SNAPSHOT @ E:\worksapce\GitReposity\spring\spring_test_002\pom.xml.
2015-08-19 21:16:52,964 [Worker-9] INFO  c.n.h.c.p.n.NettyAsyncHttpProvider - Number of application's worked threads is 8
2015-08-19 21:16:53,993 [New I/O client worker #1-1] INFO  o.e.m.c.i.e.AbstractTransferListenerAdapter - Downloading http://repo.maven.apache.org/maven2/org/springframework/spring-webmvc/3.2.14.RELEASE/spring-webmvc-3.2.14.RELEASE.pom
2015-08-19 21:16:54,002 [New I/O client worker #1-1] INFO  o.e.m.c.i.e.AbstractTransferListenerAdapter - Downloaded http://repo.maven.apache.org/maven2/org/springframework/spring-webmvc/3.2.14.RELEASE/spring-webmvc-3.2.14.RELEASE.pom
2015-08-19 21:16:54,257 [Worker-9] INFO  c.n.h.c.p.n.NettyAsyncHttpProvider - Number of application's worked threads is 8
2015-08-19 21:16:54,639 [New I/O client worker #2-1] INFO  o.e.m.c.i.e.AbstractTransferListenerAdapter - Downloading http://repo.maven.apache.org/maven2/org/springframework/spring-beans/3.2.14.RELEASE/spring-beans-3.2.14.RELEASE.pom
2015-08-19 21:16:54,640 [New I/O client worker #2-1] INFO  o.e.m.c.i.e.AbstractTransferListenerAdapter - Downloaded http://repo.maven.apache.org/maven2/org/springframework/spring-beans/3.2.14.RELEASE/spring-beans-3.2.14.RELEASE.pom
2015-08-19 21:16:55,015 [Worker-9] INFO  c.n.h.c.p.n.NettyAsyncHttpProvider - Number of application's worked threads is 8
2015-08-19 21:16:55,446 [New I/O client worker #3-1] INFO  o.e.m.c.i.e.AbstractTransferListenerAdapter - Downloading http://repo.maven.apache.org/maven2/org/springframework/spring-core/3.2.14.RELEASE/spring-core-3.2.14.RELEASE.pom
2015-08-19 21:16:55,447 [New I/O client worker #3-1] INFO  o.e.m.c.i.e.AbstractTransferListenerAdapter - Downloaded http://repo.maven.apache.org/maven2/org/springframework/spring-core/3.2.14.RELEASE/spring-core-3.2.14.RELEASE.pom
2015-08-19 21:16:55,667 [Worker-9] INFO  c.n.h.c.p.n.NettyAsyncHttpProvider - Number of application's worked threads is 8
2015-08-19 21:16:57,942 [New I/O client worker #4-1] INFO  o.e.m.c.i.e.AbstractTransferListenerAdapter - Downloading http://repo.maven.apache.org/maven2/commons-logging/commons-logging/1.1.3/commons-logging-1.1.3.pom
2015-08-19 21:16:57,944 [New I/O client worker #4-1] INFO  o.e.m.c.i.e.AbstractTransferListenerAdapter - Downloaded http://repo.maven.apache.org/maven2/commons-logging/commons-logging/1.1.3/commons-logging-1.1.3.pom
2015-08-19 21:16:58,147 [Worker-9] INFO  c.n.h.c.p.n.NettyAsyncHttpProvider - Number of application's worked threads is 8
2015-08-19 21:16:58,720 [New I/O client worker #5-1] INFO  o.e.m.c.i.e.AbstractTransferListenerAdapter - Downloading http://repo.maven.apache.org/maven2/org/apache/commons/commons-parent/28/commons-parent-28.pom
2015-08-19 21:16:59,840 [New I/O client worker #5-1] INFO  o.e.m.c.i.e.AbstractTransferListenerAdapter - Downloaded http://repo.maven.apache.org/maven2/org/apache/commons/commons-parent/28/commons-parent-28.pom
2015-08-19 21:17:00,179 [Worker-9] INFO  c.n.h.c.p.n.NettyAsyncHttpProvider - Number of application's worked threads is 8
2015-08-19 21:17:00,557 [New I/O client worker #6-1] INFO  o.e.m.c.i.e.AbstractTransferListenerAdapter - Downloading http://repo.maven.apache.org/maven2/org/springframework/spring-context/3.2.14.RELEASE/spring-context-3.2.14.RELEASE.pom
2015-08-19 21:17:00,558 [New I/O client worker #6-1] INFO  o.e.m.c.i.e.AbstractTransferListenerAdapter - Downloaded http://repo.maven.apache.org/maven2/org/springframework/spring-context/3.2.14.RELEASE/spring-context-3.2.14.RELEASE.pom
2015-08-19 21:17:00,812 [Worker-9] INFO  c.n.h.c.p.n.NettyAsyncHttpProvider - Number of application's worked threads is 8
2015-08-19 21:17:01,198 [New I/O client worker #7-1] INFO  o.e.m.c.i.e.AbstractTransferListenerAdapter - Downloading http://repo.maven.apache.org/maven2/org/springframework/spring-aop/3.2.14.RELEASE/spring-aop-3.2.14.RELEASE.pom
2015-08-19 21:17:01,200 [New I/O client worker #7-1] INFO  o.e.m.c.i.e.AbstractTransferListenerAdapter - Downloaded http://repo.maven.apache.org/maven2/org/springframework/spring-aop/3.2.14.RELEASE/spring-aop-3.2.14.RELEASE.pom
2015-08-19 21:17:01,431 [Worker-9] INFO  c.n.h.c.p.n.NettyAsyncHttpProvider - Number of application's worked threads is 8
2015-08-19 21:17:03,334 [New I/O client worker #8-1] INFO  o.e.m.c.i.e.AbstractTransferListenerAdapter - Downloading http://repo.maven.apache.org/maven2/org/springframework/spring-expression/3.2.14.RELEASE/spring-expression-3.2.14.RELEASE.pom
2015-08-19 21:17:03,335 [New I/O client worker #8-1] INFO  o.e.m.c.i.e.AbstractTransferListenerAdapter - Downloaded http://repo.maven.apache.org/maven2/org/springframework/spring-expression/3.2.14.RELEASE/spring-expression-3.2.14.RELEASE.pom
2015-08-19 21:17:04,054 [Worker-9] INFO  c.n.h.c.p.n.NettyAsyncHttpProvider - Number of application's worked threads is 8
2015-08-19 21:17:04,627 [New I/O client worker #9-1] INFO  o.e.m.c.i.e.AbstractTransferListenerAdapter - Downloading http://repo.maven.apache.org/maven2/org/springframework/spring-web/3.2.14.RELEASE/spring-web-3.2.14.RELEASE.pom
2015-08-19 21:17:04,630 [New I/O client worker #9-1] INFO  o.e.m.c.i.e.AbstractTransferListenerAdapter - Downloaded http://repo.maven.apache.org/maven2/org/springframework/spring-web/3.2.14.RELEASE/spring-web-3.2.14.RELEASE.pom
2015-08-19 21:17:05,445 [Worker-9] INFO  c.n.h.c.p.n.NettyAsyncHttpProvider - Number of application's worked threads is 8
2015-08-19 21:17:05,826 [New I/O client worker #10-3] INFO  o.e.m.c.i.e.AbstractTransferListenerAdapter - Downloading http://repo.maven.apache.org/maven2/org/springframework/spring-context/3.2.14.RELEASE/spring-context-3.2.14.RELEASE.jar
2015-08-19 21:17:05,838 [New I/O client worker #10-5] INFO  o.e.m.c.i.e.AbstractTransferListenerAdapter - Downloading http://repo.maven.apache.org/maven2/org/springframework/spring-core/3.2.14.RELEASE/spring-core-3.2.14.RELEASE.jar
2015-08-19 21:17:05,842 [New I/O client worker #10-7] INFO  o.e.m.c.i.e.AbstractTransferListenerAdapter - Downloading http://repo.maven.apache.org/maven2/org/springframework/spring-expression/3.2.14.RELEASE/spring-expression-3.2.14.RELEASE.jar
2015-08-19 21:17:05,846 [New I/O client worker #10-2] INFO  o.e.m.c.i.e.AbstractTransferListenerAdapter - Downloading http://repo.maven.apache.org/maven2/org/springframework/spring-beans/3.2.14.RELEASE/spring-beans-3.2.14.RELEASE.jar
2015-08-19 21:17:05,848 [New I/O client worker #10-1] INFO  o.e.m.c.i.e.AbstractTransferListenerAdapter - Downloading http://repo.maven.apache.org/maven2/org/springframework/spring-webmvc/3.2.14.RELEASE/spring-webmvc-3.2.14.RELEASE.jar
2015-08-19 21:17:05,848 [New I/O client worker #10-4] INFO  o.e.m.c.i.e.AbstractTransferListenerAdapter - Downloading http://repo.maven.apache.org/maven2/org/springframework/spring-aop/3.2.14.RELEASE/spring-aop-3.2.14.RELEASE.jar
2015-08-19 21:17:06,038 [New I/O client worker #10-8] INFO  o.e.m.c.i.e.AbstractTransferListenerAdapter - Downloading http://repo.maven.apache.org/maven2/org/springframework/spring-web/3.2.14.RELEASE/spring-web-3.2.14.RELEASE.jar
2015-08-19 21:17:06,844 [New I/O client worker #10-6] INFO  o.e.m.c.i.e.AbstractTransferListenerAdapter - Downloading http://repo.maven.apache.org/maven2/commons-logging/commons-logging/1.1.3/commons-logging-1.1.3.jar
2015-08-19 21:17:07,791 [New I/O client worker #10-6] INFO  o.e.m.c.i.e.AbstractTransferListenerAdapter - Downloaded http://repo.maven.apache.org/maven2/commons-logging/commons-logging/1.1.3/commons-logging-1.1.3.jar
2015-08-19 21:17:17,571 [New I/O client worker #10-7] INFO  o.e.m.c.i.e.AbstractTransferListenerAdapter - Downloaded http://repo.maven.apache.org/maven2/org/springframework/spring-expression/3.2.14.RELEASE/spring-expression-3.2.14.RELEASE.jar
2015-08-19 21:18:52,480 [New I/O client worker #10-8] INFO  o.e.m.c.i.e.AbstractTransferListenerAdapter - Downloaded http://repo.maven.apache.org/maven2/org/springframework/spring-web/3.2.14.RELEASE/spring-web-3.2.14.RELEASE.jar
2015-08-19 21:19:40,082 [New I/O client worker #10-2] INFO  o.e.m.c.i.e.AbstractTransferListenerAdapter - Downloaded http://repo.maven.apache.org/maven2/org/springframework/spring-beans/3.2.14.RELEASE/spring-beans-3.2.14.RELEASE.jar
2015-08-19 21:21:05,658 [AsyncHttpClient-Reaper] INFO  o.e.m.c.i.e.AbstractTransferListenerAdapter - Downloaded http://repo.maven.apache.org/maven2/org/springframework/spring-core/3.2.14.RELEASE/spring-core-3.2.14.RELEASE.jar
2015-08-19 21:21:48,926 [New I/O client worker #10-4] INFO  o.e.m.c.i.e.AbstractTransferListenerAdapter - Downloaded http://repo.maven.apache.org/maven2/org/springframework/spring-aop/3.2.14.RELEASE/spring-aop-3.2.14.RELEASE.jar
2015-08-19 21:24:11,654 [New I/O client worker #10-1] INFO  o.e.m.c.i.e.AbstractTransferListenerAdapter - Downloaded http://repo.maven.apache.org/maven2/org/springframework/spring-webmvc/3.2.14.RELEASE/spring-webmvc-3.2.14.RELEASE.jar
2015-08-19 21:34:35,673 [New I/O client worker #10-3] INFO  o.e.m.c.i.e.AbstractTransferListenerAdapter - Downloaded http://repo.maven.apache.org/maven2/org/springframework/spring-context/3.2.14.RELEASE/spring-context-3.2.14.RELEASE.jar
2015-08-19 21:34:37,398 [Worker-9] WARN  o.e.m.w.WebProjectConfiguratorDelegate - Renamed dependencies will be copied under target
2015-08-19 21:34:39,559 [Worker-9] INFO  o.e.m.j.i.AbstractJavaProjectConfigurator - Adding source folder /spring_test_002/src/main/java
2015-08-19 21:34:39,560 [Worker-9] INFO  o.e.m.j.i.AbstractJavaProjectConfigurator - Adding source folder /spring_test_002/src/test/java
2015-08-19 21:34:39,562 [Worker-12] INFO  o.e.m.c.i.l.LifecycleMappingFactory - Using org.maven.ide.eclipse.wtp.WarLifecycleMapping lifecycle mapping for MavenProject: springtest:spring_test_002:0.0.1-SNAPSHOT @ E:\worksapce\GitReposity\spring\spring_test_002\pom.xml.
2015-08-19 21:34:39,794 [Worker-9] INFO  o.e.m.c.i.p.ProjectConfigurationManager - Project import completed 1067 sec
2015-08-19 21:34:39,882 [Worker-9] INFO  o.e.m.c.i.p.ProjectConfigurationManager - Update started
2015-08-19 21:34:39,883 [Worker-9] INFO  o.e.m.c.i.p.ProjectConfigurationManager - Update completed: 0 sec
2015-08-19 21:34:40,983 [Worker-7] INFO  o.e.m.c.i.l.LifecycleMappingFactory - Using org.maven.ide.eclipse.wtp.WarLifecycleMapping lifecycle mapping for MavenProject: springtest:spring_test_002:0.0.1-SNAPSHOT @ E:\worksapce\GitReposity\spring\spring_test_002\pom.xml.
2015-08-19 21:34:41,181 [Worker-8] INFO  o.e.m.c.i.l.LifecycleMappingFactory - Using org.maven.ide.eclipse.wtp.WarLifecycleMapping lifecycle mapping for MavenProject: springtest:spring_test_002:0.0.1-SNAPSHOT @ E:\worksapce\GitReposity\spring\spring_test_002\pom.xml.
2015-08-19 21:34:41,498 [Worker-8] WARN  o.e.m.c.i.embedder.EclipseLogger - Using platform encoding (GBK actually) to copy filtered resources, i.e. build is platform dependent!
2015-08-19 21:34:41,499 [Worker-8] INFO  o.e.m.c.i.embedder.EclipseLogger - skip non existing resourceDirectory E:\worksapce\GitReposity\spring\spring_test_002\src\main\resources
2015-08-19 21:34:41,502 [Worker-8] WARN  o.e.m.c.i.embedder.EclipseLogger - Using platform encoding (GBK actually) to copy filtered resources, i.e. build is platform dependent!
2015-08-19 21:34:41,503 [Worker-8] INFO  o.e.m.c.i.embedder.EclipseLogger - skip non existing resourceDirectory E:\worksapce\GitReposity\spring\spring_test_002\src\test\resources
2015-08-19 21:34:42,660 [Worker-8] INFO  o.e.m.c.i.l.LifecycleMappingFactory - Using org.maven.ide.eclipse.wtp.WarLifecycleMapping lifecycle mapping for MavenProject: springtest:spring_test_002:0.0.1-SNAPSHOT @ E:\worksapce\GitReposity\spring\spring_test_002\pom.xml.
2015-08-19 21:34:51,653 [Worker-11] WARN  o.e.m.c.i.embedder.EclipseLogger - Using platform encoding (GBK actually) to copy filtered resources, i.e. build is platform dependent!
2015-08-19 21:34:51,654 [Worker-11] INFO  o.e.m.c.i.embedder.EclipseLogger - skip non existing resourceDirectory E:\worksapce\GitReposity\spring\spring_test_002\src\main\resources
2015-08-19 21:34:51,656 [Worker-11] WARN  o.e.m.c.i.embedder.EclipseLogger - Using platform encoding (GBK actually) to copy filtered resources, i.e. build is platform dependent!
2015-08-19 21:34:51,657 [Worker-11] INFO  o.e.m.c.i.embedder.EclipseLogger - skip non existing resourceDirectory E:\worksapce\GitReposity\spring\spring_test_002\src\test\resources
2015-08-19 21:35:56,080 [Worker-4] INFO  o.e.m.c.i.l.LifecycleMappingFactory - Using org.maven.ide.eclipse.wtp.WarLifecycleMapping lifecycle mapping for MavenProject: springtest:spring_test_002:0.0.1-SNAPSHOT @ E:\worksapce\GitReposity\spring\spring_test_002\pom.xml.
2015-08-19 21:35:56,162 [Worker-4] WARN  o.e.m.c.i.embedder.EclipseLogger - Using platform encoding (GBK actually) to copy filtered resources, i.e. build is platform dependent!
2015-08-19 21:35:56,163 [Worker-4] INFO  o.e.m.c.i.embedder.EclipseLogger - skip non existing resourceDirectory E:\worksapce\GitReposity\spring\spring_test_002\src\main\resources
2015-08-19 21:35:56,165 [Worker-4] WARN  o.e.m.c.i.embedder.EclipseLogger - Using platform encoding (GBK actually) to copy filtered resources, i.e. build is platform dependent!
2015-08-19 21:35:56,165 [Worker-4] INFO  o.e.m.c.i.embedder.EclipseLogger - skip non existing resourceDirectory E:\worksapce\GitReposity\spring\spring_test_002\src\test\resources
2015-08-19 21:35:56,165 [Worker-4] INFO  o.e.m.w.i.f.ResourceFilteringBuildParticipant - Changed resources require a complete clean of filtered resources of spring_test_002
2015-08-19 21:35:56,166 [Worker-4] INFO  o.e.m.w.i.f.ResourceFilteringBuildParticipant - Executing resource filtering for spring_test_002
2015-08-19 21:35:56,176 [Worker-4] WARN  o.e.m.c.i.embedder.EclipseLogger - Using platform encoding (GBK actually) to copy filtered resources, i.e. build is platform dependent!
2015-08-19 21:36:49,554 [Worker-5] WARN  o.e.m.c.i.embedder.EclipseLogger - Using platform encoding (GBK actually) to copy filtered resources, i.e. build is platform dependent!
2015-08-19 21:36:49,556 [Worker-5] INFO  o.e.m.c.i.embedder.EclipseLogger - skip non existing resourceDirectory E:\worksapce\GitReposity\spring\spring_test_002\src\main\resources
2015-08-19 21:36:49,559 [Worker-5] WARN  o.e.m.c.i.embedder.EclipseLogger - Using platform encoding (GBK actually) to copy filtered resources, i.e. build is platform dependent!
2015-08-19 21:36:49,559 [Worker-5] INFO  o.e.m.c.i.embedder.EclipseLogger - skip non existing resourceDirectory E:\worksapce\GitReposity\spring\spring_test_002\src\test\resources
2015-08-19 21:37:05,017 [Worker-5] INFO  o.e.m.c.i.l.LifecycleMappingFactory - Using org.maven.ide.eclipse.wtp.WarLifecycleMapping lifecycle mapping for MavenProject: springtest:spring_test_002:0.0.1-SNAPSHOT @ E:\worksapce\GitReposity\spring\spring_test_002\pom.xml.
2015-08-19 21:37:05,181 [Worker-5] WARN  o.e.m.c.i.embedder.EclipseLogger - Using platform encoding (GBK actually) to copy filtered resources, i.e. build is platform dependent!
2015-08-19 21:37:05,182 [Worker-5] INFO  o.e.m.c.i.embedder.EclipseLogger - skip non existing resourceDirectory E:\worksapce\GitReposity\spring\spring_test_002\src\main\resources
2015-08-19 21:37:05,185 [Worker-5] WARN  o.e.m.c.i.embedder.EclipseLogger - Using platform encoding (GBK actually) to copy filtered resources, i.e. build is platform dependent!
2015-08-19 21:37:05,186 [Worker-5] INFO  o.e.m.c.i.embedder.EclipseLogger - skip non existing resourceDirectory E:\worksapce\GitReposity\spring\spring_test_002\src\test\resources
2015-08-19 21:37:05,186 [Worker-5] INFO  o.e.m.w.i.f.ResourceFilteringBuildParticipant - Changed resources require a complete clean of filtered resources of spring_test_002
2015-08-19 21:37:05,187 [Worker-5] INFO  o.e.m.w.i.f.ResourceFilteringBuildParticipant - Executing resource filtering for spring_test_002
2015-08-19 21:37:05,192 [Worker-5] WARN  o.e.m.c.i.embedder.EclipseLogger - Using platform encoding (GBK actually) to copy filtered resources, i.e. build is platform dependent!
2015-08-19 21:42:40,223 [Worker-14] INFO  o.e.m.c.i.l.LifecycleMappingFactory - Using org.maven.ide.eclipse.wtp.WarLifecycleMapping lifecycle mapping for MavenProject: springtest:spring_test_002:0.0.1-SNAPSHOT @ E:\worksapce\GitReposity\spring\spring_test_002\pom.xml.
2015-08-19 21:42:40,358 [Worker-14] WARN  o.e.m.c.i.embedder.EclipseLogger - Using platform encoding (GBK actually) to copy filtered resources, i.e. build is platform dependent!
2015-08-19 21:42:40,359 [Worker-14] INFO  o.e.m.c.i.embedder.EclipseLogger - skip non existing resourceDirectory E:\worksapce\GitReposity\spring\spring_test_002\src\main\resources
2015-08-19 21:42:40,361 [Worker-14] WARN  o.e.m.c.i.embedder.EclipseLogger - Using platform encoding (GBK actually) to copy filtered resources, i.e. build is platform dependent!
2015-08-19 21:42:40,362 [Worker-14] INFO  o.e.m.c.i.embedder.EclipseLogger - skip non existing resourceDirectory E:\worksapce\GitReposity\spring\spring_test_002\src\test\resources
2015-08-19 21:42:40,363 [Worker-14] INFO  o.e.m.w.i.f.ResourceFilteringBuildParticipant - Changed resources require a complete clean of filtered resources of spring_test_002
2015-08-19 21:42:40,364 [Worker-14] INFO  o.e.m.w.i.f.ResourceFilteringBuildParticipant - Executing resource filtering for spring_test_002
2015-08-19 21:42:40,369 [Worker-14] WARN  o.e.m.c.i.embedder.EclipseLogger - Using platform encoding (GBK actually) to copy filtered resources, i.e. build is platform dependent!
2015-08-19 21:50:00,161 [Worker-8] INFO  o.e.m.c.i.l.LifecycleMappingFactory - Using org.maven.ide.eclipse.wtp.WarLifecycleMapping lifecycle mapping for MavenProject: springtest:spring_test_002:0.0.1-SNAPSHOT @ E:\worksapce\GitReposity\spring\spring_test_002\pom.xml.
2015-08-19 21:50:00,330 [Worker-8] WARN  o.e.m.c.i.embedder.EclipseLogger - Using platform encoding (GBK actually) to copy filtered resources, i.e. build is platform dependent!
2015-08-19 21:50:00,331 [Worker-8] INFO  o.e.m.c.i.embedder.EclipseLogger - skip non existing resourceDirectory E:\worksapce\GitReposity\spring\spring_test_002\src\main\resources
2015-08-19 21:50:00,333 [Worker-8] WARN  o.e.m.c.i.embedder.EclipseLogger - Using platform encoding (GBK actually) to copy filtered resources, i.e. build is platform dependent!
2015-08-19 21:50:00,334 [Worker-8] INFO  o.e.m.c.i.embedder.EclipseLogger - skip non existing resourceDirectory E:\worksapce\GitReposity\spring\spring_test_002\src\test\resources
2015-08-19 21:50:00,334 [Worker-8] INFO  o.e.m.w.i.f.ResourceFilteringBuildParticipant - Changed resources require a complete clean of filtered resources of spring_test_002
2015-08-19 21:50:00,335 [Worker-8] INFO  o.e.m.w.i.f.ResourceFilteringBuildParticipant - Executing resource filtering for spring_test_002
2015-08-19 21:50:00,338 [Worker-8] WARN  o.e.m.c.i.embedder.EclipseLogger - Using platform encoding (GBK actually) to copy filtered resources, i.e. build is platform dependent!
2015-08-19 21:51:08,321 [Worker-8] INFO  o.e.m.c.i.l.LifecycleMappingFactory - Using org.maven.ide.eclipse.wtp.WarLifecycleMapping lifecycle mapping for MavenProject: springtest:spring_test_002:0.0.1-SNAPSHOT @ E:\worksapce\GitReposity\spring\spring_test_002\pom.xml.
2015-08-19 21:51:08,462 [Worker-8] WARN  o.e.m.c.i.embedder.EclipseLogger - Using platform encoding (GBK actually) to copy filtered resources, i.e. build is platform dependent!
2015-08-19 21:51:08,463 [Worker-8] INFO  o.e.m.c.i.embedder.EclipseLogger - skip non existing resourceDirectory E:\worksapce\GitReposity\spring\spring_test_002\src\main\resources
2015-08-19 21:51:08,465 [Worker-8] WARN  o.e.m.c.i.embedder.EclipseLogger - Using platform encoding (GBK actually) to copy filtered resources, i.e. build is platform dependent!
2015-08-19 21:51:08,466 [Worker-8] INFO  o.e.m.c.i.embedder.EclipseLogger - skip non existing resourceDirectory E:\worksapce\GitReposity\spring\spring_test_002\src\test\resources
2015-08-19 21:51:08,466 [Worker-8] INFO  o.e.m.w.i.f.ResourceFilteringBuildParticipant - Changed resources require a complete clean of filtered resources of spring_test_002
2015-08-19 21:51:08,466 [Worker-8] INFO  o.e.m.w.i.f.ResourceFilteringBuildParticipant - Executing resource filtering for spring_test_002
2015-08-19 21:51:08,472 [Worker-8] WARN  o.e.m.c.i.embedder.EclipseLogger - Using platform encoding (GBK actually) to copy filtered resources, i.e. build is platform dependent!
2015-08-19 21:51:20,838 [Worker-20] INFO  o.e.m.c.i.l.LifecycleMappingFactory - Using org.maven.ide.eclipse.wtp.WarLifecycleMapping lifecycle mapping for MavenProject: springtest:spring_test_002:0.0.1-SNAPSHOT @ E:\worksapce\GitReposity\spring\spring_test_002\pom.xml.
2015-08-19 21:51:20,899 [Worker-20] WARN  o.e.m.c.i.embedder.EclipseLogger - Using platform encoding (GBK actually) to copy filtered resources, i.e. build is platform dependent!
2015-08-19 21:51:20,900 [Worker-20] INFO  o.e.m.c.i.embedder.EclipseLogger - skip non existing resourceDirectory E:\worksapce\GitReposity\spring\spring_test_002\src\main\resources
2015-08-19 21:51:20,901 [Worker-20] WARN  o.e.m.c.i.embedder.EclipseLogger - Using platform encoding (GBK actually) to copy filtered resources, i.e. build is platform dependent!
2015-08-19 21:51:20,902 [Worker-20] INFO  o.e.m.c.i.embedder.EclipseLogger - skip non existing resourceDirectory E:\worksapce\GitReposity\spring\spring_test_002\src\test\resources
2015-08-19 21:51:20,902 [Worker-20] INFO  o.e.m.w.i.f.ResourceFilteringBuildParticipant - Changed resources require a complete clean of filtered resources of spring_test_002
2015-08-19 21:51:20,903 [Worker-20] INFO  o.e.m.w.i.f.ResourceFilteringBuildParticipant - Executing resource filtering for spring_test_002
2015-08-19 21:51:20,907 [Worker-20] WARN  o.e.m.c.i.embedder.EclipseLogger - Using platform encoding (GBK actually) to copy filtered resources, i.e. build is platform dependent!
2015-08-19 21:53:36,498 [Worker-1] INFO  o.e.m.c.i.l.LifecycleMappingFactory - Using org.maven.ide.eclipse.wtp.WarLifecycleMapping lifecycle mapping for MavenProject: springtest:spring_test_002:0.0.1-SNAPSHOT @ E:\worksapce\GitReposity\spring\spring_test_002\pom.xml.
2015-08-19 21:54:16,589 [Worker-21] INFO  o.e.m.c.i.l.LifecycleMappingFactory - Using org.maven.ide.eclipse.wtp.WarLifecycleMapping lifecycle mapping for MavenProject: springtest:spring_test_002:0.0.1-SNAPSHOT @ E:\worksapce\GitReposity\spring\spring_test_002\pom.xml.
2015-08-19 21:54:16,596 [Worker-21] INFO  c.n.h.c.p.n.NettyAsyncHttpProvider - Number of application's worked threads is 8
2015-08-19 21:54:21,507 [New I/O client worker #11-1] INFO  o.e.m.c.i.e.AbstractTransferListenerAdapter - Downloading http://repo.maven.apache.org/maven2/org/springframework/spring-webmvc/4.1.7.RELEASE/spring-webmvc-4.1.7.RELEASE.pom
2015-08-19 21:54:24,220 [New I/O client worker #11-1] INFO  o.e.m.c.i.e.AbstractTransferListenerAdapter - Downloaded http://repo.maven.apache.org/maven2/org/springframework/spring-webmvc/4.1.7.RELEASE/spring-webmvc-4.1.7.RELEASE.pom
2015-08-19 21:54:24,516 [Worker-21] INFO  c.n.h.c.p.n.NettyAsyncHttpProvider - Number of application's worked threads is 8
2015-08-19 21:54:29,963 [New I/O client worker #12-1] INFO  o.e.m.c.i.e.AbstractTransferListenerAdapter - Downloading http://repo.maven.apache.org/maven2/org/springframework/spring-beans/4.1.7.RELEASE/spring-beans-4.1.7.RELEASE.pom
2015-08-19 21:54:29,966 [New I/O client worker #12-1] INFO  o.e.m.c.i.e.AbstractTransferListenerAdapter - Downloaded http://repo.maven.apache.org/maven2/org/springframework/spring-beans/4.1.7.RELEASE/spring-beans-4.1.7.RELEASE.pom
2015-08-19 21:54:30,271 [Worker-21] INFO  c.n.h.c.p.n.NettyAsyncHttpProvider - Number of application's worked threads is 8
2015-08-19 21:54:30,893 [New I/O client worker #13-1] INFO  o.e.m.c.i.e.AbstractTransferListenerAdapter - Downloading http://repo.maven.apache.org/maven2/org/springframework/spring-core/4.1.7.RELEASE/spring-core-4.1.7.RELEASE.pom
2015-08-19 21:54:30,895 [New I/O client worker #13-1] INFO  o.e.m.c.i.e.AbstractTransferListenerAdapter - Downloaded http://repo.maven.apache.org/maven2/org/springframework/spring-core/4.1.7.RELEASE/spring-core-4.1.7.RELEASE.pom
2015-08-19 21:54:31,299 [Worker-21] INFO  c.n.h.c.p.n.NettyAsyncHttpProvider - Number of application's worked threads is 8
2015-08-19 21:54:32,322 [New I/O client worker #14-1] INFO  o.e.m.c.i.e.AbstractTransferListenerAdapter - Downloading http://repo.maven.apache.org/maven2/org/springframework/spring-context/4.1.7.RELEASE/spring-context-4.1.7.RELEASE.pom
2015-08-19 21:54:32,324 [New I/O client worker #14-1] INFO  o.e.m.c.i.e.AbstractTransferListenerAdapter - Downloaded http://repo.maven.apache.org/maven2/org/springframework/spring-context/4.1.7.RELEASE/spring-context-4.1.7.RELEASE.pom
2015-08-19 21:54:32,669 [Worker-21] INFO  c.n.h.c.p.n.NettyAsyncHttpProvider - Number of application's worked threads is 8
2015-08-19 21:54:34,640 [New I/O client worker #15-1] INFO  o.e.m.c.i.e.AbstractTransferListenerAdapter - Downloading http://repo.maven.apache.org/maven2/org/springframework/spring-aop/4.1.7.RELEASE/spring-aop-4.1.7.RELEASE.pom
2015-08-19 21:54:34,643 [New I/O client worker #15-1] INFO  o.e.m.c.i.e.AbstractTransferListenerAdapter - Downloaded http://repo.maven.apache.org/maven2/org/springframework/spring-aop/4.1.7.RELEASE/spring-aop-4.1.7.RELEASE.pom
2015-08-19 21:54:34,930 [Worker-21] INFO  c.n.h.c.p.n.NettyAsyncHttpProvider - Number of application's worked threads is 8
2015-08-19 21:54:35,488 [New I/O client worker #16-1] INFO  o.e.m.c.i.e.AbstractTransferListenerAdapter - Downloading http://repo.maven.apache.org/maven2/org/springframework/spring-expression/4.1.7.RELEASE/spring-expression-4.1.7.RELEASE.pom
2015-08-19 21:54:35,491 [New I/O client worker #16-1] INFO  o.e.m.c.i.e.AbstractTransferListenerAdapter - Downloaded http://repo.maven.apache.org/maven2/org/springframework/spring-expression/4.1.7.RELEASE/spring-expression-4.1.7.RELEASE.pom
2015-08-19 21:54:35,790 [Worker-21] INFO  c.n.h.c.p.n.NettyAsyncHttpProvider - Number of application's worked threads is 8
2015-08-19 21:54:39,022 [New I/O client worker #17-1] INFO  o.e.m.c.i.e.AbstractTransferListenerAdapter - Downloading http://repo.maven.apache.org/maven2/org/springframework/spring-web/4.1.7.RELEASE/spring-web-4.1.7.RELEASE.pom
2015-08-19 21:54:39,024 [New I/O client worker #17-1] INFO  o.e.m.c.i.e.AbstractTransferListenerAdapter - Downloaded http://repo.maven.apache.org/maven2/org/springframework/spring-web/4.1.7.RELEASE/spring-web-4.1.7.RELEASE.pom
2015-08-19 21:54:40,057 [Worker-21] INFO  c.n.h.c.p.n.NettyAsyncHttpProvider - Number of application's worked threads is 8
2015-08-19 21:54:40,669 [New I/O client worker #18-1] INFO  o.e.m.c.i.e.AbstractTransferListenerAdapter - Downloading http://repo.maven.apache.org/maven2/org/springframework/spring-webmvc/4.1.7.RELEASE/spring-webmvc-4.1.7.RELEASE.jar
2015-08-19 21:54:40,902 [New I/O client worker #18-4] INFO  o.e.m.c.i.e.AbstractTransferListenerAdapter - Downloading http://repo.maven.apache.org/maven2/org/springframework/spring-aop/4.1.7.RELEASE/spring-aop-4.1.7.RELEASE.jar
2015-08-19 21:54:40,996 [New I/O client worker #18-5] INFO  o.e.m.c.i.e.AbstractTransferListenerAdapter - Downloading http://repo.maven.apache.org/maven2/org/springframework/spring-core/4.1.7.RELEASE/spring-core-4.1.7.RELEASE.jar
2015-08-19 21:54:41,306 [New I/O client worker #18-7] INFO  o.e.m.c.i.e.AbstractTransferListenerAdapter - Downloading http://repo.maven.apache.org/maven2/org/springframework/spring-web/4.1.7.RELEASE/spring-web-4.1.7.RELEASE.jar
2015-08-19 21:54:41,723 [New I/O client worker #18-2] INFO  o.e.m.c.i.e.AbstractTransferListenerAdapter - Downloading http://repo.maven.apache.org/maven2/org/springframework/spring-beans/4.1.7.RELEASE/spring-beans-4.1.7.RELEASE.jar
2015-08-19 21:54:41,988 [New I/O client worker #18-6] INFO  o.e.m.c.i.e.AbstractTransferListenerAdapter - Downloading http://repo.maven.apache.org/maven2/org/springframework/spring-expression/4.1.7.RELEASE/spring-expression-4.1.7.RELEASE.jar
2015-08-19 21:54:48,803 [New I/O client worker #18-3] INFO  o.e.m.c.i.e.AbstractTransferListenerAdapter - Downloading http://repo.maven.apache.org/maven2/org/springframework/spring-context/4.1.7.RELEASE/spring-context-4.1.7.RELEASE.jar
2015-08-19 21:55:12,714 [New I/O client worker #18-4] INFO  o.e.m.c.i.e.AbstractTransferListenerAdapter - Downloaded http://repo.maven.apache.org/maven2/org/springframework/spring-aop/4.1.7.RELEASE/spring-aop-4.1.7.RELEASE.jar
2015-08-19 21:55:18,721 [New I/O client worker #18-1] INFO  o.e.m.c.i.e.AbstractTransferListenerAdapter - Downloaded http://repo.maven.apache.org/maven2/org/springframework/spring-webmvc/4.1.7.RELEASE/spring-webmvc-4.1.7.RELEASE.jar
2015-08-19 21:56:40,348 [AsyncHttpClient-Reaper] INFO  o.e.m.c.i.e.AbstractTransferListenerAdapter - Downloaded http://repo.maven.apache.org/maven2/org/springframework/spring-beans/4.1.7.RELEASE/spring-beans-4.1.7.RELEASE.jar
2015-08-19 21:57:40,357 [AsyncHttpClient-Reaper] INFO  o.e.m.c.i.e.AbstractTransferListenerAdapter - Downloaded http://repo.maven.apache.org/maven2/org/springframework/spring-expression/4.1.7.RELEASE/spring-expression-4.1.7.RELEASE.jar
2015-08-19 21:57:40,388 [AsyncHttpClient-Reaper] INFO  o.e.m.c.i.e.AbstractTransferListenerAdapter - Downloaded http://repo.maven.apache.org/maven2/org/springframework/spring-core/4.1.7.RELEASE/spring-core-4.1.7.RELEASE.jar
2015-08-19 21:57:40,393 [AsyncHttpClient-Reaper] INFO  o.e.m.c.i.e.AbstractTransferListenerAdapter - Downloaded http://repo.maven.apache.org/maven2/org/springframework/spring-web/4.1.7.RELEASE/spring-web-4.1.7.RELEASE.jar
2015-08-19 21:58:08,688 [New I/O client worker #18-3] INFO  o.e.m.c.i.e.AbstractTransferListenerAdapter - Downloaded http://repo.maven.apache.org/maven2/org/springframework/spring-context/4.1.7.RELEASE/spring-context-4.1.7.RELEASE.jar
2015-08-19 21:58:10,586 [Worker-21] INFO  o.e.m.c.i.p.r.ProjectRegistryRefreshJob - org.eclipse.m2e.core.internal.project.registry.ProjectRegistryRefreshJob was canceled
2015-08-19 21:58:24,171 [Worker-8] INFO  o.e.m.c.i.l.LifecycleMappingFactory - Using org.maven.ide.eclipse.wtp.WarLifecycleMapping lifecycle mapping for MavenProject: springtest:spring_test_002:0.0.1-SNAPSHOT @ E:\worksapce\GitReposity\spring\spring_test_002\pom.xml.
2015-08-19 21:58:28,464 [Worker-22] INFO  o.e.m.c.i.l.LifecycleMappingFactory - Using org.maven.ide.eclipse.wtp.WarLifecycleMapping lifecycle mapping for MavenProject: springtest:spring_test_002:0.0.1-SNAPSHOT @ E:\worksapce\GitReposity\spring\spring_test_002\pom.xml.
2015-08-19 21:59:16,570 [Worker-18] INFO  o.e.m.c.i.p.ProjectConfigurationManager - Update started
2015-08-19 21:59:16,611 [Worker-18] INFO  o.e.m.c.i.l.LifecycleMappingFactory - Using org.maven.ide.eclipse.wtp.WarLifecycleMapping lifecycle mapping for MavenProject: springtest:spring_test_002:0.0.1-SNAPSHOT @ E:\worksapce\GitReposity\spring\spring_test_002\pom.xml.
2015-08-19 21:59:16,900 [Worker-18] INFO  o.e.m.j.i.AbstractJavaProjectConfigurator - Adding source folder /spring_test_002/src/main/java
2015-08-19 21:59:16,900 [Worker-18] INFO  o.e.m.j.i.AbstractJavaProjectConfigurator - Adding source folder /spring_test_002/src/test/java
2015-08-19 21:59:17,037 [Worker-18] INFO  o.e.m.w.i.f.ResourceFilteringBuildParticipant - Cleaning filtered folder for spring_test_002
2015-08-19 21:59:17,043 [Worker-18] INFO  o.e.m.c.i.p.ProjectConfigurationManager - Update completed: 0 sec
2015-08-19 21:59:18,075 [Worker-22] INFO  o.e.m.c.i.l.LifecycleMappingFactory - Using org.maven.ide.eclipse.wtp.WarLifecycleMapping lifecycle mapping for MavenProject: springtest:spring_test_002:0.0.1-SNAPSHOT @ E:\worksapce\GitReposity\spring\spring_test_002\pom.xml.
2015-08-19 22:00:08,184 [Worker-8] INFO  o.e.m.c.i.l.LifecycleMappingFactory - Using org.maven.ide.eclipse.wtp.WarLifecycleMapping lifecycle mapping for MavenProject: springtest:spring_test_hibernate_004:0.0.1-SNAPSHOT @ E:\worksapce\GitReposity\spring\spring_test_hibernate_004\pom.xml.
2015-08-19 22:00:08,531 [Worker-8] INFO  o.e.m.j.i.AbstractJavaProjectConfigurator - Adding source folder /spring_test_hibernate_004/src/main/java
2015-08-19 22:00:08,531 [Worker-8] INFO  o.e.m.j.i.AbstractJavaProjectConfigurator - Adding resource folder /spring_test_hibernate_004/src/main/resources
2015-08-19 22:00:08,532 [Worker-8] INFO  o.e.m.j.i.AbstractJavaProjectConfigurator - Adding source folder /spring_test_hibernate_004/src/test/java
2015-08-19 22:00:08,654 [Worker-8] INFO  o.e.m.c.i.p.ProjectConfigurationManager - Project import completed 0 sec
2015-08-19 22:00:08,733 [Worker-22] INFO  o.e.m.c.i.p.ProjectConfigurationManager - Update started
2015-08-19 22:00:08,733 [Worker-22] INFO  o.e.m.c.i.p.ProjectConfigurationManager - Update completed: 0 sec
2015-08-19 22:00:09,217 [Worker-17] INFO  o.e.m.c.i.l.LifecycleMappingFactory - Using org.maven.ide.eclipse.wtp.WarLifecycleMapping lifecycle mapping for MavenProject: springtest:spring_test_hibernate_004:0.0.1-SNAPSHOT @ E:\worksapce\GitReposity\spring\spring_test_hibernate_004\pom.xml.
2015-08-19 22:00:55,813 [Worker-17] INFO  o.e.m.c.i.l.LifecycleMappingFactory - Using org.maven.ide.eclipse.wtp.WarLifecycleMapping lifecycle mapping for MavenProject: springtest:spring_test_002:0.0.1-SNAPSHOT @ E:\worksapce\GitReposity\spring\spring_test_002\pom.xml.
2015-08-19 22:00:55,954 [Worker-17] INFO  o.e.m.j.i.AbstractJavaProjectConfigurator - Adding source folder /spring_test_002/src/main/java
2015-08-19 22:00:55,955 [Worker-17] INFO  o.e.m.j.i.AbstractJavaProjectConfigurator - Adding source folder /spring_test_002/src/test/java
2015-08-19 22:00:56,031 [Worker-17] INFO  o.e.m.c.i.p.ProjectConfigurationManager - Project import completed 0 sec
2015-08-19 22:00:56,078 [Worker-21] INFO  o.e.m.c.i.p.ProjectConfigurationManager - Update started
2015-08-19 22:00:56,079 [Worker-21] INFO  o.e.m.c.i.p.ProjectConfigurationManager - Update completed: 0 sec
2015-08-19 22:00:56,852 [Worker-1] INFO  o.e.m.c.i.l.LifecycleMappingFactory - Using org.maven.ide.eclipse.wtp.WarLifecycleMapping lifecycle mapping for MavenProject: springtest:spring_test_002:0.0.1-SNAPSHOT @ E:\worksapce\GitReposity\spring\spring_test_002\pom.xml.
2015-08-19 22:09:30,003 [Worker-27] INFO  o.e.m.c.i.p.ProjectConfigurationManager - Update started
2015-08-19 22:09:30,038 [Worker-27] INFO  o.e.m.c.i.l.LifecycleMappingFactory - Using org.maven.ide.eclipse.wtp.WarLifecycleMapping lifecycle mapping for MavenProject: springtest:spring_test_002:0.0.1-SNAPSHOT @ E:\worksapce\GitReposity\spring\spring_test_002\pom.xml.
2015-08-19 22:09:30,132 [Worker-27] INFO  o.e.m.j.i.AbstractJavaProjectConfigurator - Adding source folder /spring_test_002/src/main/java
2015-08-19 22:09:30,133 [Worker-27] INFO  o.e.m.j.i.AbstractJavaProjectConfigurator - Adding source folder /spring_test_002/src/test/java
2015-08-19 22:09:30,246 [Worker-27] INFO  o.e.m.w.i.f.ResourceFilteringBuildParticipant - Cleaning filtered folder for spring_test_002
2015-08-19 22:09:30,249 [Worker-27] INFO  o.e.m.c.i.p.ProjectConfigurationManager - Update completed: 0 sec
2015-08-19 22:09:31,304 [Worker-29] INFO  o.e.m.c.i.l.LifecycleMappingFactory - Using org.maven.ide.eclipse.wtp.WarLifecycleMapping lifecycle mapping for MavenProject: springtest:spring_test_002:0.0.1-SNAPSHOT @ E:\worksapce\GitReposity\spring\spring_test_002\pom.xml.
2015-08-19 22:09:53,740 [Worker-29] WARN  o.e.m.c.i.embedder.EclipseLogger - Using platform encoding (GBK actually) to copy filtered resources, i.e. build is platform dependent!
2015-08-19 22:09:53,741 [Worker-29] INFO  o.e.m.c.i.embedder.EclipseLogger - skip non existing resourceDirectory E:\worksapce\GitReposity\spring\spring_test_002\src\main\resources
2015-08-19 22:09:53,768 [Worker-29] WARN  o.e.m.c.i.embedder.EclipseLogger - Using platform encoding (GBK actually) to copy filtered resources, i.e. build is platform dependent!
2015-08-19 22:09:53,768 [Worker-29] INFO  o.e.m.c.i.embedder.EclipseLogger - skip non existing resourceDirectory E:\worksapce\GitReposity\spring\spring_test_002\src\test\resources
2015-08-19 22:34:17,657 [Worker-35] WARN  o.e.m.c.i.embedder.EclipseLogger - Using platform encoding (GBK actually) to copy filtered resources, i.e. build is platform dependent!
2015-08-19 22:34:17,658 [Worker-35] INFO  o.e.m.c.i.embedder.EclipseLogger - skip non existing resourceDirectory E:\worksapce\GitReposity\spring\spring_test_002\src\main\resources
2015-08-19 22:34:17,660 [Worker-35] WARN  o.e.m.c.i.embedder.EclipseLogger - Using platform encoding (GBK actually) to copy filtered resources, i.e. build is platform dependent!
2015-08-19 22:34:17,661 [Worker-35] INFO  o.e.m.c.i.embedder.EclipseLogger - skip non existing resourceDirectory E:\worksapce\GitReposity\spring\spring_test_002\src\test\resources
2015-08-19 22:34:17,661 [Worker-35] INFO  o.e.m.w.i.f.ResourceFilteringBuildParticipant - Changed resources require a complete clean of filtered resources of spring_test_002
2015-08-19 22:34:17,662 [Worker-35] INFO  o.e.m.w.i.f.ResourceFilteringBuildParticipant - Executing resource filtering for spring_test_002
2015-08-19 22:34:17,678 [Worker-35] WARN  o.e.m.c.i.embedder.EclipseLogger - Using platform encoding (GBK actually) to copy filtered resources, i.e. build is platform dependent!
2015-08-19 22:34:17,864 [Worker-35] WARN  o.e.m.c.i.embedder.EclipseLogger - Using platform encoding (GBK actually) to copy filtered resources, i.e. build is platform dependent!
2015-08-19 22:34:17,868 [Worker-35] INFO  o.e.m.c.i.embedder.EclipseLogger - Copying 2 resources
2015-08-19 22:34:17,924 [Worker-35] WARN  o.e.m.c.i.embedder.EclipseLogger - Using platform encoding (GBK actually) to copy filtered resources, i.e. build is platform dependent!
2015-08-19 22:34:17,925 [Worker-35] INFO  o.e.m.c.i.embedder.EclipseLogger - skip non existing resourceDirectory E:\worksapce\GitReposity\spring\spring_test_hibernate_004\src\test\resources
2015-08-19 22:36:11,067 [Worker-45] INFO  o.e.m.c.i.p.ProjectConfigurationManager - Update started
2015-08-19 22:36:11,098 [Worker-45] INFO  o.e.m.c.i.l.LifecycleMappingFactory - Using org.maven.ide.eclipse.wtp.WarLifecycleMapping lifecycle mapping for MavenProject: springtest:spring_test_002:0.0.1-SNAPSHOT @ E:\worksapce\GitReposity\spring\spring_test_002\pom.xml.
2015-08-19 22:36:11,214 [Worker-45] INFO  o.e.m.j.i.AbstractJavaProjectConfigurator - Adding source folder /spring_test_002/src/main/java
2015-08-19 22:36:11,215 [Worker-45] INFO  o.e.m.j.i.AbstractJavaProjectConfigurator - Adding source folder /spring_test_002/src/test/java
2015-08-19 22:36:11,335 [Worker-45] INFO  o.e.m.w.i.f.ResourceFilteringBuildParticipant - Cleaning filtered folder for spring_test_002
2015-08-19 22:36:11,340 [Worker-45] INFO  o.e.m.c.i.p.ProjectConfigurationManager - Update completed: 0 sec
2015-08-19 22:36:12,404 [Worker-39] INFO  o.e.m.c.i.l.LifecycleMappingFactory - Using org.maven.ide.eclipse.wtp.WarLifecycleMapping lifecycle mapping for MavenProject: springtest:spring_test_002:0.0.1-SNAPSHOT @ E:\worksapce\GitReposity\spring\spring_test_002\pom.xml.
2015-08-19 22:37:00,160 [Worker-35] INFO  o.e.m.w.i.f.ResourceFilteringBuildParticipant - Cleaning filtered folder for spring_test_002
2015-08-19 22:37:00,346 [Worker-35] WARN  o.e.m.c.i.embedder.EclipseLogger - Using platform encoding (GBK actually) to copy filtered resources, i.e. build is platform dependent!
2015-08-19 22:37:00,346 [Worker-35] INFO  o.e.m.c.i.embedder.EclipseLogger - skip non existing resourceDirectory E:\worksapce\GitReposity\spring\spring_test_002\src\main\resources
2015-08-19 22:37:00,348 [Worker-35] WARN  o.e.m.c.i.embedder.EclipseLogger - Using platform encoding (GBK actually) to copy filtered resources, i.e. build is platform dependent!
2015-08-19 22:37:00,348 [Worker-35] INFO  o.e.m.c.i.embedder.EclipseLogger - skip non existing resourceDirectory E:\worksapce\GitReposity\spring\spring_test_002\src\test\resources
2015-08-19 22:37:20,233 [Worker-38] INFO  o.e.m.w.i.f.ResourceFilteringBuildParticipant - Cleaning filtered folder for spring_test_002
2015-08-19 22:37:20,507 [Worker-39] WARN  o.e.m.c.i.embedder.EclipseLogger - Using platform encoding (GBK actually) to copy filtered resources, i.e. build is platform dependent!
2015-08-19 22:37:20,508 [Worker-39] INFO  o.e.m.c.i.embedder.EclipseLogger - skip non existing resourceDirectory E:\worksapce\GitReposity\spring\spring_test_002\src\main\resources
2015-08-19 22:37:20,510 [Worker-39] WARN  o.e.m.c.i.embedder.EclipseLogger - Using platform encoding (GBK actually) to copy filtered resources, i.e. build is platform dependent!
2015-08-19 22:37:20,511 [Worker-39] INFO  o.e.m.c.i.embedder.EclipseLogger - skip non existing resourceDirectory E:\worksapce\GitReposity\spring\spring_test_002\src\test\resources
2015-08-19 22:37:42,118 [Worker-35] INFO  o.e.m.c.i.p.ProjectConfigurationManager - Update started
2015-08-19 22:37:42,147 [Worker-35] INFO  o.e.m.c.i.l.LifecycleMappingFactory - Using org.maven.ide.eclipse.wtp.WarLifecycleMapping lifecycle mapping for MavenProject: springtest:spring_test_002:0.0.1-SNAPSHOT @ E:\worksapce\GitReposity\spring\spring_test_002\pom.xml.
2015-08-19 22:37:42,247 [Worker-35] INFO  o.e.m.j.i.AbstractJavaProjectConfigurator - Adding source folder /spring_test_002/src/main/java
2015-08-19 22:37:42,247 [Worker-35] INFO  o.e.m.j.i.AbstractJavaProjectConfigurator - Adding source folder /spring_test_002/src/test/java
2015-08-19 22:37:42,371 [Worker-35] INFO  o.e.m.w.i.f.ResourceFilteringBuildParticipant - Cleaning filtered folder for spring_test_002
2015-08-19 22:37:42,376 [Worker-35] INFO  o.e.m.c.i.p.ProjectConfigurationManager - Update completed: 0 sec
2015-08-19 22:37:43,431 [Worker-38] INFO  o.e.m.c.i.l.LifecycleMappingFactory - Using org.maven.ide.eclipse.wtp.WarLifecycleMapping lifecycle mapping for MavenProject: springtest:spring_test_002:0.0.1-SNAPSHOT @ E:\worksapce\GitReposity\spring\spring_test_002\pom.xml.
2015-08-19 22:37:51,205 [main] INFO  o.e.m2e.actions.ExecutePomAction - Creating new launch configuration
2015-08-19 22:37:53,594 [Worker-39] INFO  o.e.m.i.launch.MavenLaunchDelegate - E:\worksapce\GitReposity\spring\spring_test_002
2015-08-19 22:37:53,596 [Worker-39] INFO  o.e.m.i.launch.MavenLaunchDelegate -  mvn  -B -s D:\ApacheAndCMS\apache-maven-3.3.3\conf\settings.xml 
2015-08-19 22:52:37,081 [Worker-53] WARN  o.e.m.c.i.embedder.EclipseLogger - Using platform encoding (GBK actually) to copy filtered resources, i.e. build is platform dependent!
2015-08-19 22:52:37,082 [Worker-53] INFO  o.e.m.c.i.embedder.EclipseLogger - skip non existing resourceDirectory E:\worksapce\GitReposity\spring\spring_test_002\src\main\resources
2015-08-19 22:52:37,084 [Worker-53] WARN  o.e.m.c.i.embedder.EclipseLogger - Using platform encoding (GBK actually) to copy filtered resources, i.e. build is platform dependent!
2015-08-19 22:52:37,084 [Worker-53] INFO  o.e.m.c.i.embedder.EclipseLogger - skip non existing resourceDirectory E:\worksapce\GitReposity\spring\spring_test_002\src\test\resources
2015-08-19 22:53:06,507 [Worker-47] INFO  o.e.m.c.i.l.LifecycleMappingFactory - Using org.maven.ide.eclipse.wtp.WarLifecycleMapping lifecycle mapping for MavenProject: springtest:spring_test_002:0.0.1-SNAPSHOT @ E:\worksapce\GitReposity\spring\spring_test_002\pom.xml.
2015-08-19 22:53:06,625 [Worker-47] WARN  o.e.m.c.i.embedder.EclipseLogger - Using platform encoding (GBK actually) to copy filtered resources, i.e. build is platform dependent!
2015-08-19 22:53:06,626 [Worker-47] INFO  o.e.m.c.i.embedder.EclipseLogger - skip non existing resourceDirectory E:\worksapce\GitReposity\spring\spring_test_002\src\main\resources
2015-08-19 22:53:06,629 [Worker-47] WARN  o.e.m.c.i.embedder.EclipseLogger - Using platform encoding (GBK actually) to copy filtered resources, i.e. build is platform dependent!
2015-08-19 22:53:06,629 [Worker-47] INFO  o.e.m.c.i.embedder.EclipseLogger - skip non existing resourceDirectory E:\worksapce\GitReposity\spring\spring_test_002\src\test\resources
2015-08-19 22:54:35,029 [Worker-50] INFO  o.e.m.c.i.l.LifecycleMappingFactory - Using org.maven.ide.eclipse.wtp.WarLifecycleMapping lifecycle mapping for MavenProject: springtest:spring_test_002:0.0.1-SNAPSHOT @ E:\worksapce\GitReposity\spring\spring_test_002\pom.xml.
2015-08-19 22:54:35,149 [Worker-50] WARN  o.e.m.c.i.embedder.EclipseLogger - Using platform encoding (GBK actually) to copy filtered resources, i.e. build is platform dependent!
2015-08-19 22:54:35,150 [Worker-50] INFO  o.e.m.c.i.embedder.EclipseLogger - skip non existing resourceDirectory E:\worksapce\GitReposity\spring\spring_test_002\src\main\resources
2015-08-19 22:54:35,151 [Worker-50] WARN  o.e.m.c.i.embedder.EclipseLogger - Using platform encoding (GBK actually) to copy filtered resources, i.e. build is platform dependent!
2015-08-19 22:54:35,152 [Worker-50] INFO  o.e.m.c.i.embedder.EclipseLogger - skip non existing resourceDirectory E:\worksapce\GitReposity\spring\spring_test_002\src\test\resources
2015-08-19 22:55:33,770 [Worker-54] INFO  o.e.m.w.i.f.ResourceFilteringBuildParticipant - Cleaning filtered folder for spring_test_002
2015-08-19 22:55:33,962 [Worker-53] WARN  o.e.m.c.i.embedder.EclipseLogger - Using platform encoding (GBK actually) to copy filtered resources, i.e. build is platform dependent!
2015-08-19 22:55:33,963 [Worker-53] INFO  o.e.m.c.i.embedder.EclipseLogger - skip non existing resourceDirectory E:\worksapce\GitReposity\spring\spring_test_002\src\main\resources
2015-08-19 22:55:33,965 [Worker-53] WARN  o.e.m.c.i.embedder.EclipseLogger - Using platform encoding (GBK actually) to copy filtered resources, i.e. build is platform dependent!
2015-08-19 22:55:33,966 [Worker-53] INFO  o.e.m.c.i.embedder.EclipseLogger - skip non existing resourceDirectory E:\worksapce\GitReposity\spring\spring_test_002\src\test\resources
2015-08-19 22:56:28,756 [Worker-52] INFO  o.e.m.c.i.p.ProjectConfigurationManager - Update started
2015-08-19 22:56:28,786 [Worker-52] INFO  o.e.m.c.i.l.LifecycleMappingFactory - Using org.maven.ide.eclipse.wtp.WarLifecycleMapping lifecycle mapping for MavenProject: springtest:spring_test_002:0.0.1-SNAPSHOT @ E:\worksapce\GitReposity\spring\spring_test_002\pom.xml.
2015-08-19 22:56:28,878 [Worker-52] INFO  o.e.m.c.i.p.ProjectConfigurationManager - Update completed: 0 sec
2015-08-19 23:15:42,317 [Worker-54] INFO  o.e.m.c.i.p.ProjectConfigurationManager - Update started
2015-08-19 23:15:42,349 [Worker-54] INFO  o.e.m.c.i.l.LifecycleMappingFactory - Using org.maven.ide.eclipse.wtp.WarLifecycleMapping lifecycle mapping for MavenProject: springtest:spring_test_002:0.0.1-SNAPSHOT @ E:\worksapce\GitReposity\spring\spring_test_002\pom.xml.
2015-08-19 23:15:42,473 [Worker-54] INFO  o.e.m.j.i.AbstractJavaProjectConfigurator - Adding source folder /spring_test_002/src/main/java
2015-08-19 23:15:42,473 [Worker-54] INFO  o.e.m.j.i.AbstractJavaProjectConfigurator - Adding source folder /spring_test_002/src/test/java
2015-08-19 23:15:42,606 [Worker-54] INFO  o.e.m.w.i.f.ResourceFilteringBuildParticipant - Cleaning filtered folder for spring_test_002
2015-08-19 23:15:42,612 [Worker-54] INFO  o.e.m.c.i.p.ProjectConfigurationManager - Update completed: 0 sec
2015-08-19 23:15:43,657 [Worker-48] INFO  o.e.m.c.i.l.LifecycleMappingFactory - Using org.maven.ide.eclipse.wtp.WarLifecycleMapping lifecycle mapping for MavenProject: springtest:spring_test_002:0.0.1-SNAPSHOT @ E:\worksapce\GitReposity\spring\spring_test_002\pom.xml.
2015-08-19 23:18:15,058 [Worker-54] INFO  o.e.m.w.i.f.ResourceFilteringBuildParticipant - Cleaning filtered folder for spring_test_002
2015-08-19 23:18:15,248 [Worker-60] WARN  o.e.m.c.i.embedder.EclipseLogger - Using platform encoding (GBK actually) to copy filtered resources, i.e. build is platform dependent!
2015-08-19 23:18:15,248 [Worker-60] INFO  o.e.m.c.i.embedder.EclipseLogger - skip non existing resourceDirectory E:\worksapce\GitReposity\spring\spring_test_002\src\main\resources
2015-08-19 23:18:15,251 [Worker-60] WARN  o.e.m.c.i.embedder.EclipseLogger - Using platform encoding (GBK actually) to copy filtered resources, i.e. build is platform dependent!
2015-08-19 23:18:15,251 [Worker-60] INFO  o.e.m.c.i.embedder.EclipseLogger - skip non existing resourceDirectory E:\worksapce\GitReposity\spring\spring_test_002\src\test\resources
2015-08-19 23:18:31,357 [Worker-58] INFO  o.e.m.c.i.p.ProjectConfigurationManager - Update started
2015-08-19 23:18:31,391 [Worker-58] INFO  o.e.m.c.i.l.LifecycleMappingFactory - Using org.maven.ide.eclipse.wtp.WarLifecycleMapping lifecycle mapping for MavenProject: springtest:spring_test_002:0.0.1-SNAPSHOT @ E:\worksapce\GitReposity\spring\spring_test_002\pom.xml.
2015-08-19 23:18:31,491 [Worker-58] INFO  o.e.m.j.i.AbstractJavaProjectConfigurator - Adding source folder /spring_test_002/src/main/java
2015-08-19 23:18:31,492 [Worker-58] INFO  o.e.m.j.i.AbstractJavaProjectConfigurator - Adding source folder /spring_test_002/src/test/java
2015-08-19 23:18:31,616 [Worker-58] INFO  o.e.m.w.i.f.ResourceFilteringBuildParticipant - Cleaning filtered folder for spring_test_002
2015-08-19 23:18:31,621 [Worker-58] INFO  o.e.m.c.i.p.ProjectConfigurationManager - Update completed: 0 sec
2015-08-19 23:18:32,411 [Worker-54] INFO  o.e.m.c.i.l.LifecycleMappingFactory - Using org.maven.ide.eclipse.wtp.WarLifecycleMapping lifecycle mapping for MavenProject: springtest:spring_test_002:0.0.1-SNAPSHOT @ E:\worksapce\GitReposity\spring\spring_test_002\pom.xml.
2015-08-19 23:18:32,531 [Worker-54] WARN  o.e.m.c.i.embedder.EclipseLogger - Using platform encoding (GBK actually) to copy filtered resources, i.e. build is platform dependent!
2015-08-19 23:18:32,532 [Worker-54] INFO  o.e.m.c.i.embedder.EclipseLogger - skip non existing resourceDirectory E:\worksapce\GitReposity\spring\spring_test_002\src\main\resources
2015-08-19 23:18:32,533 [Worker-54] WARN  o.e.m.c.i.embedder.EclipseLogger - Using platform encoding (GBK actually) to copy filtered resources, i.e. build is platform dependent!
2015-08-19 23:18:32,534 [Worker-54] INFO  o.e.m.c.i.embedder.EclipseLogger - skip non existing resourceDirectory E:\worksapce\GitReposity\spring\spring_test_002\src\test\resources
2015-08-19 23:19:13,929 [main] INFO  o.e.m2e.actions.ExecutePomAction - Using existing launch configuration
2015-08-19 23:19:16,198 [Worker-63] INFO  o.e.m.i.launch.MavenLaunchDelegate - E:\worksapce\GitReposity\spring\spring_test_002
2015-08-19 23:19:16,198 [Worker-63] INFO  o.e.m.i.launch.MavenLaunchDelegate -  mvn  -B -s D:\ApacheAndCMS\apache-maven-3.3.3\conf\settings.xml 
2015-08-19 23:20:12,141 [Worker-63] WARN  o.e.m.c.i.embedder.EclipseLogger - Using platform encoding (GBK actually) to copy filtered resources, i.e. build is platform dependent!
2015-08-19 23:20:12,142 [Worker-63] INFO  o.e.m.c.i.embedder.EclipseLogger - skip non existing resourceDirectory E:\worksapce\GitReposity\spring\spring_test_002\src\main\resources
2015-08-19 23:20:12,143 [Worker-63] WARN  o.e.m.c.i.embedder.EclipseLogger - Using platform encoding (GBK actually) to copy filtered resources, i.e. build is platform dependent!
2015-08-19 23:20:12,144 [Worker-63] INFO  o.e.m.c.i.embedder.EclipseLogger - skip non existing resourceDirectory E:\worksapce\GitReposity\spring\spring_test_002\src\test\resources
2015-08-19 23:21:01,952 [Worker-60] WARN  o.e.m.c.i.embedder.EclipseLogger - Using platform encoding (GBK actually) to copy filtered resources, i.e. build is platform dependent!
2015-08-19 23:21:01,952 [Worker-60] INFO  o.e.m.c.i.embedder.EclipseLogger - skip non existing resourceDirectory E:\worksapce\GitReposity\spring\spring_test_002\src\main\resources
2015-08-19 23:21:01,954 [Worker-60] WARN  o.e.m.c.i.embedder.EclipseLogger - Using platform encoding (GBK actually) to copy filtered resources, i.e. build is platform dependent!
2015-08-19 23:21:01,955 [Worker-60] INFO  o.e.m.c.i.embedder.EclipseLogger - skip non existing resourceDirectory E:\worksapce\GitReposity\spring\spring_test_002\src\test\resources
2015-08-19 23:25:33,436 [Worker-59] INFO  o.e.m.c.i.p.ProjectConfigurationManager - Update started
2015-08-19 23:25:33,460 [Worker-59] INFO  o.e.m.c.i.l.LifecycleMappingFactory - Using org.maven.ide.eclipse.wtp.WarLifecycleMapping lifecycle mapping for MavenProject: springtest:spring_test_002:0.0.1-SNAPSHOT @ E:\worksapce\GitReposity\spring\spring_test_002\pom.xml.
2015-08-19 23:25:33,553 [Worker-59] INFO  o.e.m.j.i.AbstractJavaProjectConfigurator - Adding source folder /spring_test_002/src/main/java
2015-08-19 23:25:33,553 [Worker-59] INFO  o.e.m.j.i.AbstractJavaProjectConfigurator - Adding source folder /spring_test_002/src/test/java
2015-08-19 23:25:33,655 [Worker-59] INFO  o.e.m.w.i.f.ResourceFilteringBuildParticipant - Cleaning filtered folder for spring_test_002
2015-08-19 23:25:33,660 [Worker-59] INFO  o.e.m.c.i.p.ProjectConfigurationManager - Update completed: 0 sec
2015-08-19 23:25:33,661 [Worker-59] INFO  o.e.m.c.i.p.ProjectConfigurationManager - Update started
2015-08-19 23:25:33,705 [Worker-59] INFO  o.e.m.c.i.l.LifecycleMappingFactory - Using org.maven.ide.eclipse.wtp.WarLifecycleMapping lifecycle mapping for MavenProject: springtest:spring_test_hibernate_004:0.0.1-SNAPSHOT @ E:\worksapce\GitReposity\spring\spring_test_hibernate_004\pom.xml.
2015-08-19 23:25:33,944 [Worker-59] INFO  o.e.m.j.i.AbstractJavaProjectConfigurator - Adding source folder /spring_test_hibernate_004/src/main/java
2015-08-19 23:25:33,944 [Worker-59] INFO  o.e.m.j.i.AbstractJavaProjectConfigurator - Adding resource folder /spring_test_hibernate_004/src/main/resources
2015-08-19 23:25:33,945 [Worker-59] INFO  o.e.m.j.i.AbstractJavaProjectConfigurator - Adding source folder /spring_test_hibernate_004/src/test/java
2015-08-19 23:25:34,139 [Worker-59] INFO  o.e.m.w.i.f.ResourceFilteringBuildParticipant - Cleaning filtered folder for spring_test_hibernate_004
2015-08-19 23:25:34,146 [Worker-59] INFO  o.e.m.c.i.p.ProjectConfigurationManager - Update completed: 0 sec
2015-08-19 23:25:34,799 [Worker-68] INFO  o.e.m.c.i.l.LifecycleMappingFactory - Using org.maven.ide.eclipse.wtp.WarLifecycleMapping lifecycle mapping for MavenProject: springtest:spring_test_002:0.0.1-SNAPSHOT @ E:\worksapce\GitReposity\spring\spring_test_002\pom.xml.
2015-08-19 23:25:34,927 [Worker-68] WARN  o.e.m.c.i.embedder.EclipseLogger - Using platform encoding (GBK actually) to copy filtered resources, i.e. build is platform dependent!
2015-08-19 23:25:34,928 [Worker-68] INFO  o.e.m.c.i.embedder.EclipseLogger - skip non existing resourceDirectory E:\worksapce\GitReposity\spring\spring_test_002\src\main\resources
2015-08-19 23:25:34,930 [Worker-68] WARN  o.e.m.c.i.embedder.EclipseLogger - Using platform encoding (GBK actually) to copy filtered resources, i.e. build is platform dependent!
2015-08-19 23:25:34,930 [Worker-68] INFO  o.e.m.c.i.embedder.EclipseLogger - skip non existing resourceDirectory E:\worksapce\GitReposity\spring\spring_test_002\src\test\resources
2015-08-19 23:25:35,037 [Worker-68] INFO  o.e.m.c.i.l.LifecycleMappingFactory - Using org.maven.ide.eclipse.wtp.WarLifecycleMapping lifecycle mapping for MavenProject: springtest:spring_test_hibernate_004:0.0.1-SNAPSHOT @ E:\worksapce\GitReposity\spring\spring_test_hibernate_004\pom.xml.
2015-08-19 23:25:35,270 [Worker-68] WARN  o.e.m.c.i.embedder.EclipseLogger - Using platform encoding (GBK actually) to copy filtered resources, i.e. build is platform dependent!
2015-08-19 23:25:35,271 [Worker-68] INFO  o.e.m.c.i.embedder.EclipseLogger - Copying 2 resources
2015-08-19 23:25:35,275 [Worker-68] WARN  o.e.m.c.i.embedder.EclipseLogger - Using platform encoding (GBK actually) to copy filtered resources, i.e. build is platform dependent!
2015-08-19 23:25:35,275 [Worker-68] INFO  o.e.m.c.i.embedder.EclipseLogger - skip non existing resourceDirectory E:\worksapce\GitReposity\spring\spring_test_hibernate_004\src\test\resources
